@@@@ SUPER-TRANSFER @@@@
Epoch 0	Top1 train_acc 9.469050407409668	Top1 test_acc: 19.227367401123047	Top5 test_acc: 45.18784713745117
Epoch 1	Top1 train_acc 23.228900909423828	Top1 test_acc: 26.20749282836914	Top5 test_acc: 54.127986907958984
Epoch 2	Top1 train_acc 27.791505813598633	Top1 test_acc: 28.704044342041016	Top5 test_acc: 57.7912483215332
Epoch 3	Top1 train_acc 30.120737075805664	Top1 test_acc: 30.8553524017334	Top5 test_acc: 58.81433868408203
Epoch 4	Top1 train_acc 31.49314308166504	Top1 test_acc: 31.124195098876953	Top5 test_acc: 60.21024703979492
Epoch 5	Top1 train_acc 32.625064849853516	Top1 test_acc: 32.760799407958984	Top5 test_acc: 60.50666427612305
Epoch 6	Top1 train_acc 33.14324188232422	Top1 test_acc: 32.36787796020508	Top5 test_acc: 61.0432014465332
Epoch 7	Top1 train_acc 33.41798782348633	Top1 test_acc: 32.839500427246094	Top5 test_acc: 60.78699493408203
Epoch 8	Top1 train_acc 34.01768493652344	Top1 test_acc: 34.13947677612305	Top5 test_acc: 61.94910430908203
Epoch 9	Top1 train_acc 34.52077102661133	Top1 test_acc: 34.48414611816406	Top5 test_acc: 62.42761993408203
Epoch 10	Top1 train_acc 34.983524322509766	Top1 test_acc: 34.32789611816406	Top5 test_acc: 62.737823486328125
Epoch 11	Top1 train_acc 35.39607238769531	Top1 test_acc: 34.91038513183594	Top5 test_acc: 62.81364822387695
Epoch 12	Top1 train_acc 35.424068450927734	Top1 test_acc: 35.52619552612305	Top5 test_acc: 63.78504180908203
Epoch 13	Top1 train_acc 35.908836364746094	Top1 test_acc: 34.88108825683594	Top5 test_acc: 62.71024703979492
Epoch 14	Top1 train_acc 35.487178802490234	Top1 test_acc: 34.59328842163086	Top5 test_acc: 62.78779983520508
Epoch 15	Top1 train_acc 36.234928131103516	Top1 test_acc: 35.700828552246094	Top5 test_acc: 62.58272171020508
Epoch 16	Top1 train_acc 36.21813201904297	Top1 test_acc: 35.84558868408203	Top5 test_acc: 64.1187973022461
Epoch 17	Top1 train_acc 36.20740509033203	Top1 test_acc: 35.934627532958984	Top5 test_acc: 64.3772964477539
Epoch 18	Top1 train_acc 36.549251556396484	Top1 test_acc: 35.380859375	Top5 test_acc: 63.60811233520508
Epoch 19	Top1 train_acc 36.89916229248047	Top1 test_acc: 36.223575592041016	Top5 test_acc: 64.033203125
Epoch 20	Top1 train_acc 36.73222732543945	Top1 test_acc: 35.624427795410156	Top5 test_acc: 63.314571380615234
Epoch 21	Top1 train_acc 36.71523666381836	Top1 test_acc: 35.66004180908203	Top5 test_acc: 64.5094223022461
Epoch 22	Top1 train_acc 37.080806732177734	Top1 test_acc: 36.36776351928711	Top5 test_acc: 64.07801055908203
Epoch 23	Top1 train_acc 36.82684326171875	Top1 test_acc: 35.22346115112305	Top5 test_acc: 63.72185134887695
Epoch 24	Top1 train_acc 37.07435607910156	Top1 test_acc: 36.88993453979492	Top5 test_acc: 64.71277618408203
Epoch 25	Top1 train_acc 37.220603942871094	Top1 test_acc: 36.780216217041016	Top5 test_acc: 64.68462371826172
Epoch 26	Top1 train_acc 37.4970588684082	Top1 test_acc: 36.233341217041016	Top5 test_acc: 63.978633880615234
Epoch 27	Top1 train_acc 37.54517364501953	Top1 test_acc: 36.58662796020508	Top5 test_acc: 64.00447845458984
Epoch 28	Top1 train_acc 37.729286193847656	Top1 test_acc: 36.40739822387695	Top5 test_acc: 65.00460052490234
Epoch 29	Top1 train_acc 37.800846099853516	Top1 test_acc: 36.52228927612305	Top5 test_acc: 64.03837585449219
Epoch 30	Top1 train_acc 37.68952178955078	Top1 test_acc: 36.34305953979492	Top5 test_acc: 64.29055786132812
Epoch 31	Top1 train_acc 37.78290939331055	Top1 test_acc: 36.71013259887695	Top5 test_acc: 65.41590118408203
Epoch 32	Top1 train_acc 38.03279113769531	Top1 test_acc: 36.38039779663086	Top5 test_acc: 64.36351776123047
Epoch 33	Top1 train_acc 38.011531829833984	Top1 test_acc: 35.81399154663086	Top5 test_acc: 63.783321380615234
Epoch 34	Top1 train_acc 37.96464920043945	Top1 test_acc: 36.50563049316406	Top5 test_acc: 65.50149536132812
Epoch 35	Top1 train_acc 37.86699295043945	Top1 test_acc: 37.39315414428711	Top5 test_acc: 65.3515625
Epoch 36	Top1 train_acc 37.70555877685547	Top1 test_acc: 37.19784164428711	Top5 test_acc: 65.11547088623047
Epoch 37	Top1 train_acc 38.08688735961914	Top1 test_acc: 36.097774505615234	Top5 test_acc: 64.25149536132812
Epoch 38	Top1 train_acc 38.12200164794922	Top1 test_acc: 36.862361907958984	Top5 test_acc: 64.84777069091797
Epoch 39	Top1 train_acc 37.97385787963867	Top1 test_acc: 36.53147888183594	Top5 test_acc: 65.78987121582031
Epoch 40	Top1 train_acc 38.18416213989258	Top1 test_acc: 37.10995101928711	Top5 test_acc: 64.5530776977539
Epoch 41	Top1 train_acc 37.99890899658203	Top1 test_acc: 37.15418243408203	Top5 test_acc: 65.16142272949219
Epoch 42	Top1 train_acc 38.20399475097656	Top1 test_acc: 36.78308868408203	Top5 test_acc: 64.97415161132812
Epoch 43	Top1 train_acc 37.96759033203125	Top1 test_acc: 36.74862289428711	Top5 test_acc: 64.45886993408203
Epoch 44	Top1 train_acc 38.38829803466797	Top1 test_acc: 37.03182601928711	Top5 test_acc: 64.921875
Epoch 45	Top1 train_acc 38.79648208618164	Top1 test_acc: 36.999080657958984	Top5 test_acc: 64.599609375
Epoch 46	Top1 train_acc 38.01295471191406	Top1 test_acc: 36.89567947387695	Top5 test_acc: 64.84432220458984
Epoch 47	Top1 train_acc 38.480262756347656	Top1 test_acc: 37.64476013183594	Top5 test_acc: 66.16785430908203
Epoch 48	Top1 train_acc 38.21775817871094	Top1 test_acc: 37.497127532958984	Top5 test_acc: 65.24816131591797
Epoch 49	Top1 train_acc 38.579341888427734	Top1 test_acc: 36.604434967041016	Top5 test_acc: 64.912109375
Epoch 50	Top1 train_acc 38.5460319519043	Top1 test_acc: 37.005977630615234	Top5 test_acc: 64.87477111816406
Epoch 51	Top1 train_acc 38.31902313232422	Top1 test_acc: 37.64188766479492	Top5 test_acc: 65.90131378173828
Epoch 52	Top1 train_acc 38.44059371948242	Top1 test_acc: 36.757240295410156	Top5 test_acc: 64.88798522949219
Epoch 53	Top1 train_acc 38.616737365722656	Top1 test_acc: 37.08122634887695	Top5 test_acc: 65.15453338623047
Epoch 54	Top1 train_acc 38.66874313354492	Top1 test_acc: 37.230587005615234	Top5 test_acc: 64.72196960449219
Epoch 55	Top1 train_acc 39.02605438232422	Top1 test_acc: 37.47874450683594	Top5 test_acc: 65.75023651123047
Epoch 56	Top1 train_acc 38.65507507324219	Top1 test_acc: 37.082950592041016	Top5 test_acc: 65.56181335449219
Epoch 57	Top1 train_acc 38.87800598144531	Top1 test_acc: 37.997474670410156	Top5 test_acc: 65.34294891357422
Epoch 58	Top1 train_acc 38.616641998291016	Top1 test_acc: 37.614891052246094	Top5 test_acc: 64.42784881591797
Epoch 59	Top1 train_acc 38.65013885498047	Top1 test_acc: 37.01976013183594	Top5 test_acc: 65.625
Epoch 60	Top1 train_acc 38.990753173828125	Top1 test_acc: 36.91463851928711	Top5 test_acc: 65.48368835449219
Epoch 61	Top1 train_acc 38.650047302246094	Top1 test_acc: 36.845130920410156	Top5 test_acc: 64.83455657958984
Epoch 62	Top1 train_acc 39.09580993652344	Top1 test_acc: 37.184627532958984	Top5 test_acc: 65.20105743408203
Epoch 63	Top1 train_acc 38.83254623413086	Top1 test_acc: 37.370750427246094	Top5 test_acc: 65.927734375
Epoch 64	Top1 train_acc 38.7951545715332	Top1 test_acc: 37.282283782958984	Top5 test_acc: 64.85408782958984
Epoch 65	Top1 train_acc 38.75529479980469	Top1 test_acc: 37.55342483520508	Top5 test_acc: 64.5726089477539
Epoch 66	Top1 train_acc 38.595001220703125	Top1 test_acc: 37.31675338745117	Top5 test_acc: 65.42623901367188
Epoch 67	Top1 train_acc 38.5998420715332	Top1 test_acc: 37.265625	Top5 test_acc: 65.11775970458984
Epoch 68	Top1 train_acc 39.05424499511719	Top1 test_acc: 38.09800338745117	Top5 test_acc: 66.24195861816406
Epoch 69	Top1 train_acc 38.81242752075195	Top1 test_acc: 37.99460220336914	Top5 test_acc: 66.04549407958984
Epoch 70	Top1 train_acc 39.00176239013672	Top1 test_acc: 36.77906799316406	Top5 test_acc: 65.60662078857422
Epoch 71	Top1 train_acc 39.04598617553711	Top1 test_acc: 37.70048141479492	Top5 test_acc: 64.94026184082031
Epoch 72	Top1 train_acc 39.18559265136719	Top1 test_acc: 38.16636276245117	Top5 test_acc: 65.79158782958984
Epoch 73	Top1 train_acc 38.81356430053711	Top1 test_acc: 37.849266052246094	Top5 test_acc: 65.29698944091797
Epoch 74	Top1 train_acc 38.920997619628906	Top1 test_acc: 37.68669509887695	Top5 test_acc: 65.5491714477539
Epoch 75	Top1 train_acc 39.151424407958984	Top1 test_acc: 37.47300338745117	Top5 test_acc: 65.22518157958984
Epoch 76	Top1 train_acc 38.78319549560547	Top1 test_acc: 37.616615295410156	Top5 test_acc: 66.04090118408203
Epoch 77	Top1 train_acc 39.25392150878906	Top1 test_acc: 36.45622634887695	Top5 test_acc: 65.07238006591797
Epoch 78	Top1 train_acc 39.17704772949219	Top1 test_acc: 37.91590118408203	Top5 test_acc: 65.009765625
Epoch 79	Top1 train_acc 38.97993087768555	Top1 test_acc: 37.575828552246094	Top5 test_acc: 65.27286529541016
Epoch 80	Top1 train_acc 38.823150634765625	Top1 test_acc: 37.89522171020508	Top5 test_acc: 64.71736907958984
Epoch 81	Top1 train_acc 39.085750579833984	Top1 test_acc: 37.52470016479492	Top5 test_acc: 64.82134246826172
Epoch 82	Top1 train_acc 39.04180908203125	Top1 test_acc: 37.49367904663086	Top5 test_acc: 65.4612808227539
Epoch 83	Top1 train_acc 39.17078399658203	Top1 test_acc: 38.408203125	Top5 test_acc: 65.72322845458984
Epoch 84	Top1 train_acc 39.10653305053711	Top1 test_acc: 37.512638092041016	Top5 test_acc: 65.48770904541016
Epoch 85	Top1 train_acc 39.67216491699219	Top1 test_acc: 36.64177322387695	Top5 test_acc: 64.1676254272461
Epoch 86	Top1 train_acc 39.211116790771484	Top1 test_acc: 37.69761276245117	Top5 test_acc: 65.63017272949219
Epoch 87	Top1 train_acc 38.91653823852539	Top1 test_acc: 37.25413513183594	Top5 test_acc: 65.24701690673828
Epoch 88	Top1 train_acc 39.02605438232422	Top1 test_acc: 37.32019805908203	Top5 test_acc: 65.02297973632812
Epoch 89	Top1 train_acc 39.12893295288086	Top1 test_acc: 37.787227630615234	Top5 test_acc: 65.39981842041016
Epoch 90	Top1 train_acc 39.427974700927734	Top1 test_acc: 37.25126266479492	Top5 test_acc: 65.19071960449219
Epoch 91	Top1 train_acc 39.37236022949219	Top1 test_acc: 37.68612289428711	Top5 test_acc: 65.39751434326172
Epoch 92	Top1 train_acc 39.1311149597168	Top1 test_acc: 37.51321029663086	Top5 test_acc: 65.56697845458984
Epoch 93	Top1 train_acc 39.118587493896484	Top1 test_acc: 37.858455657958984	Top5 test_acc: 66.2132339477539
Epoch 94	Top1 train_acc 39.12228775024414	Top1 test_acc: 37.86247634887695	Top5 test_acc: 66.02136993408203
Epoch 95	Top1 train_acc 39.638282775878906	Top1 test_acc: 37.16969299316406	Top5 test_acc: 65.39867401123047
Epoch 96	Top1 train_acc 39.40880584716797	Top1 test_acc: 37.48046875	Top5 test_acc: 65.23782348632812
Epoch 97	Top1 train_acc 39.185874938964844	Top1 test_acc: 37.13752365112305	Top5 test_acc: 65.48770904541016
Epoch 98	Top1 train_acc 39.067054748535156	Top1 test_acc: 38.336971282958984	Top5 test_acc: 65.84616088867188
Epoch 99	Top1 train_acc 39.20020294189453	Top1 test_acc: 37.93600845336914	Top5 test_acc: 64.81043243408203
Epoch 100	Top1 train_acc 39.10909652709961	Top1 test_acc: 37.421302795410156	Top5 test_acc: 65.19071960449219
Epoch 101	Top1 train_acc 39.15768814086914	Top1 test_acc: 37.78147888183594	Top5 test_acc: 65.46932220458984
Epoch 102	Top1 train_acc 39.554386138916016	Top1 test_acc: 37.89694595336914	Top5 test_acc: 66.25344848632812
Epoch 103	Top1 train_acc 39.47504806518555	Top1 test_acc: 37.220821380615234	Top5 test_acc: 65.91280364990234
Epoch 104	Top1 train_acc 39.366004943847656	Top1 test_acc: 36.63430404663086	Top5 test_acc: 65.9397964477539
Epoch 105	Top1 train_acc 39.286376953125	Top1 test_acc: 39.00390625	Top5 test_acc: 66.06330871582031
Epoch 106	Top1 train_acc 39.579254150390625	Top1 test_acc: 37.577552795410156	Top5 test_acc: 66.00298309326172
Epoch 107	Top1 train_acc 39.473243713378906	Top1 test_acc: 37.64188766479492	Top5 test_acc: 66.16842651367188
Epoch 108	Top1 train_acc 39.79677200317383	Top1 test_acc: 37.629825592041016	Top5 test_acc: 65.07984924316406
Epoch 109	Top1 train_acc 39.43680191040039	Top1 test_acc: 37.67061233520508	Top5 test_acc: 66.07307434082031
Epoch 110	Top1 train_acc 39.36277389526367	Top1 test_acc: 36.804344177246094	Top5 test_acc: 65.32571411132812
Epoch 111	Top1 train_acc 39.55808639526367	Top1 test_acc: 37.68899154663086	Top5 test_acc: 65.8570785522461
Epoch 112	Top1 train_acc 39.426361083984375	Top1 test_acc: 37.40751266479492	Top5 test_acc: 65.19186401367188
Epoch 113	Top1 train_acc 39.23911666870117	Top1 test_acc: 36.91923141479492	Top5 test_acc: 65.34811401367188
Epoch 114	Top1 train_acc 39.32509994506836	Top1 test_acc: 38.02964401245117	Top5 test_acc: 65.908203125
Epoch 115	Top1 train_acc 39.603641510009766	Top1 test_acc: 37.94577407836914	Top5 test_acc: 66.09203338623047
Epoch 116	Top1 train_acc 39.32614517211914	Top1 test_acc: 37.454044342041016	Top5 test_acc: 64.87017059326172
Epoch 117	Top1 train_acc 39.54973602294922	Top1 test_acc: 37.67233657836914	Top5 test_acc: 65.69680786132812
Epoch 118	Top1 train_acc 39.61455535888672	Top1 test_acc: 37.72288513183594	Top5 test_acc: 65.42452239990234
Epoch 119	Top1 train_acc 39.46546173095703	Top1 test_acc: 37.14441680908203	Top5 test_acc: 65.49000549316406
Epoch 120	Top1 train_acc 39.689247131347656	Top1 test_acc: 37.409236907958984	Top5 test_acc: 65.21484375
Epoch 121	Top1 train_acc 39.48738479614258	Top1 test_acc: 37.624656677246094	Top5 test_acc: 65.90188598632812
Epoch 122	Top1 train_acc 39.619869232177734	Top1 test_acc: 38.00034713745117	Top5 test_acc: 65.95818328857422
Epoch 123	Top1 train_acc 39.394283294677734	Top1 test_acc: 37.69186782836914	Top5 test_acc: 65.61351776123047
Epoch 124	Top1 train_acc 39.65574264526367	Top1 test_acc: 37.81594467163086	Top5 test_acc: 65.53366088867188
Epoch 125	Top1 train_acc 39.41459274291992	Top1 test_acc: 37.28860092163086	Top5 test_acc: 65.31365203857422
Epoch 126	Top1 train_acc 39.505794525146484	Top1 test_acc: 37.75563049316406	Top5 test_acc: 66.10063934326172
Epoch 127	Top1 train_acc 39.70869827270508	Top1 test_acc: 38.270912170410156	Top5 test_acc: 65.7203598022461
Epoch 128	Top1 train_acc 39.015045166015625	Top1 test_acc: 37.87683868408203	Top5 test_acc: 65.33777618408203
Epoch 129	Top1 train_acc 39.163570404052734	Top1 test_acc: 37.385684967041016	Top5 test_acc: 65.62557220458984
Epoch 130	Top1 train_acc 39.48605728149414	Top1 test_acc: 36.96805953979492	Top5 test_acc: 65.3395004272461
Epoch 131	Top1 train_acc 39.44135665893555	Top1 test_acc: 37.41670608520508	Top5 test_acc: 65.42107391357422
Epoch 132	Top1 train_acc 39.603641510009766	Top1 test_acc: 37.86649703979492	Top5 test_acc: 66.005859375
Epoch 133	Top1 train_acc 39.66248321533203	Top1 test_acc: 37.75620651245117	Top5 test_acc: 65.39579772949219
Epoch 134	Top1 train_acc 39.88208770751953	Top1 test_acc: 37.67692947387695	Top5 test_acc: 65.50092315673828
Epoch 135	Top1 train_acc 39.618919372558594	Top1 test_acc: 37.870521545410156	Top5 test_acc: 65.61351776123047
Epoch 136	Top1 train_acc 39.61474609375	Top1 test_acc: 38.44841384887695	Top5 test_acc: 66.03401184082031
Epoch 137	Top1 train_acc 39.71249771118164	Top1 test_acc: 37.47242736816406	Top5 test_acc: 65.88292694091797
Epoch 138	Top1 train_acc 39.751976013183594	Top1 test_acc: 37.340877532958984	Top5 test_acc: 66.12361907958984
Epoch 139	Top1 train_acc 39.49877166748047	Top1 test_acc: 37.224266052246094	Top5 test_acc: 65.27400970458984
Epoch 140	Top1 train_acc 39.64093780517578	Top1 test_acc: 37.98426055908203	Top5 test_acc: 66.17704772949219
Epoch 141	Top1 train_acc 39.81148147583008	Top1 test_acc: 38.57421875	Top5 test_acc: 65.67670440673828
Epoch 142	Top1 train_acc 39.53104019165039	Top1 test_acc: 38.297908782958984	Top5 test_acc: 65.79906463623047
Epoch 143	Top1 train_acc 39.635719299316406	Top1 test_acc: 37.56089401245117	Top5 test_acc: 65.86569213867188
Epoch 144	Top1 train_acc 39.9056282043457	Top1 test_acc: 37.95783615112305	Top5 test_acc: 66.2620620727539
Epoch 145	Top1 train_acc 39.59699630737305	Top1 test_acc: 38.11408615112305	Top5 test_acc: 65.98518371582031
Epoch 146	Top1 train_acc 39.451416015625	Top1 test_acc: 37.516658782958984	Top5 test_acc: 65.24069213867188
Epoch 147	Top1 train_acc 39.6454963684082	Top1 test_acc: 37.62925338745117	Top5 test_acc: 65.36190032958984
Epoch 148	Top1 train_acc 39.499534606933594	Top1 test_acc: 37.89579391479492	Top5 test_acc: 65.65717315673828
Epoch 149	Top1 train_acc 39.68136978149414	Top1 test_acc: 38.147403717041016	Top5 test_acc: 66.65613555908203
@@@@ SELFSUPER-TRANSFER @@@@
Epoch 0	Top1 train_acc 7.021094799041748	Top1 test_acc: 13.869485855102539	Top5 test_acc: 36.17015075683594
Epoch 1	Top1 train_acc 16.824016571044922	Top1 test_acc: 19.080883026123047	Top5 test_acc: 44.43991470336914
Epoch 2	Top1 train_acc 20.574909210205078	Top1 test_acc: 21.43382453918457	Top5 test_acc: 47.668888092041016
Epoch 3	Top1 train_acc 22.612974166870117	Top1 test_acc: 22.733226776123047	Top5 test_acc: 49.49276351928711
Epoch 4	Top1 train_acc 23.93973159790039	Top1 test_acc: 23.51332664489746	Top5 test_acc: 50.409584045410156
Epoch 5	Top1 train_acc 24.515987396240234	Top1 test_acc: 24.53125	Top5 test_acc: 51.76528549194336
Epoch 6	Top1 train_acc 25.556514739990234	Top1 test_acc: 25.44117546081543	Top5 test_acc: 52.98885726928711
Epoch 7	Top1 train_acc 25.970394134521484	Top1 test_acc: 25.512983322143555	Top5 test_acc: 52.84064865112305
Epoch 8	Top1 train_acc 26.55889129638672	Top1 test_acc: 26.409122467041016	Top5 test_acc: 53.967140197753906
Epoch 9	Top1 train_acc 27.204906463623047	Top1 test_acc: 26.96174430847168	Top5 test_acc: 53.83386993408203
Epoch 10	Top1 train_acc 27.6175479888916	Top1 test_acc: 27.012866973876953	Top5 test_acc: 54.123390197753906
Epoch 11	Top1 train_acc 27.550735473632812	Top1 test_acc: 27.7969913482666	Top5 test_acc: 54.954620361328125
Epoch 12	Top1 train_acc 28.12860679626465	Top1 test_acc: 27.35121726989746	Top5 test_acc: 54.886260986328125
Epoch 13	Top1 train_acc 28.508602142333984	Top1 test_acc: 27.998620986938477	Top5 test_acc: 55.72265625
Epoch 14	Top1 train_acc 28.60749053955078	Top1 test_acc: 28.559858322143555	Top5 test_acc: 56.383846282958984
Epoch 15	Top1 train_acc 29.09918975830078	Top1 test_acc: 28.280675888061523	Top5 test_acc: 55.153377532958984
Epoch 16	Top1 train_acc 29.08580780029297	Top1 test_acc: 29.73288345336914	Top5 test_acc: 56.37580490112305
Epoch 17	Top1 train_acc 29.55501365661621	Top1 test_acc: 29.299747467041016	Top5 test_acc: 56.698646545410156
Epoch 18	Top1 train_acc 29.389406204223633	Top1 test_acc: 29.008502960205078	Top5 test_acc: 56.26838302612305
Epoch 19	Top1 train_acc 29.954843521118164	Top1 test_acc: 29.643268585205078	Top5 test_acc: 56.94795608520508
Epoch 20	Top1 train_acc 29.94725227355957	Top1 test_acc: 29.17738914489746	Top5 test_acc: 57.278839111328125
Epoch 21	Top1 train_acc 30.38665771484375	Top1 test_acc: 29.399127960205078	Top5 test_acc: 57.38396072387695
Epoch 22	Top1 train_acc 30.454513549804688	Top1 test_acc: 29.681180953979492	Top5 test_acc: 57.0036735534668
Epoch 23	Top1 train_acc 30.311967849731445	Top1 test_acc: 29.89889907836914	Top5 test_acc: 57.152462005615234
Epoch 24	Top1 train_acc 30.84238624572754	Top1 test_acc: 30.503217697143555	Top5 test_acc: 57.88833236694336
Epoch 25	Top1 train_acc 30.79521942138672	Top1 test_acc: 29.93910789489746	Top5 test_acc: 57.26333236694336
Epoch 26	Top1 train_acc 31.02004623413086	Top1 test_acc: 29.91096305847168	Top5 test_acc: 57.831459045410156
Epoch 27	Top1 train_acc 30.849882125854492	Top1 test_acc: 30.726102828979492	Top5 test_acc: 57.94060134887695
Epoch 28	Top1 train_acc 30.731918334960938	Top1 test_acc: 30.7088680267334	Top5 test_acc: 57.71484375
Epoch 29	Top1 train_acc 31.44407844543457	Top1 test_acc: 30.409582138061523	Top5 test_acc: 58.29848861694336
Epoch 30	Top1 train_acc 30.586713790893555	Top1 test_acc: 31.049518585205078	Top5 test_acc: 58.7109375
Epoch 31	Top1 train_acc 31.49399757385254	Top1 test_acc: 29.98276710510254	Top5 test_acc: 58.38407516479492
Epoch 32	Top1 train_acc 31.50642967224121	Top1 test_acc: 30.91452407836914	Top5 test_acc: 58.38637924194336
Epoch 33	Top1 train_acc 31.550846099853516	Top1 test_acc: 31.349380493164062	Top5 test_acc: 58.18416976928711
Epoch 34	Top1 train_acc 31.342247009277344	Top1 test_acc: 30.686466217041016	Top5 test_acc: 58.978057861328125
Epoch 35	Top1 train_acc 31.596683502197266	Top1 test_acc: 30.996667861938477	Top5 test_acc: 58.695430755615234
Epoch 36	Top1 train_acc 31.88101577758789	Top1 test_acc: 31.254596710205078	Top5 test_acc: 58.00896072387695
Epoch 37	Top1 train_acc 31.892118453979492	Top1 test_acc: 30.727252960205078	Top5 test_acc: 58.78791427612305
Epoch 38	Top1 train_acc 32.13289260864258	Top1 test_acc: 30.762866973876953	Top5 test_acc: 59.28768539428711
Epoch 39	Top1 train_acc 31.872570037841797	Top1 test_acc: 31.74460220336914	Top5 test_acc: 58.6017951965332
Epoch 40	Top1 train_acc 32.3804931640625	Top1 test_acc: 30.83869743347168	Top5 test_acc: 58.94129180908203
Epoch 41	Top1 train_acc 32.0359001159668	Top1 test_acc: 30.19301414489746	Top5 test_acc: 58.231849670410156
Epoch 42	Top1 train_acc 31.842294692993164	Top1 test_acc: 31.160385131835938	Top5 test_acc: 58.25482940673828
Epoch 43	Top1 train_acc 32.023372650146484	Top1 test_acc: 31.235639572143555	Top5 test_acc: 59.73230743408203
Epoch 44	Top1 train_acc 32.13716125488281	Top1 test_acc: 31.829044342041016	Top5 test_acc: 59.87592315673828
Epoch 45	Top1 train_acc 32.358097076416016	Top1 test_acc: 31.95542335510254	Top5 test_acc: 58.99011993408203
Epoch 46	Top1 train_acc 32.09682846069336	Top1 test_acc: 31.72736930847168	Top5 test_acc: 59.60420608520508
Epoch 47	Top1 train_acc 32.33902359008789	Top1 test_acc: 31.680261611938477	Top5 test_acc: 59.3181266784668
Epoch 48	Top1 train_acc 32.49817657470703	Top1 test_acc: 31.39418601989746	Top5 test_acc: 59.460018157958984
Epoch 49	Top1 train_acc 32.37726974487305	Top1 test_acc: 31.533203125	Top5 test_acc: 59.183135986328125
Epoch 50	Top1 train_acc 32.752803802490234	Top1 test_acc: 31.8807430267334	Top5 test_acc: 59.235408782958984
Epoch 51	Top1 train_acc 32.504913330078125	Top1 test_acc: 31.625690460205078	Top5 test_acc: 59.830535888671875
Epoch 52	Top1 train_acc 32.4158935546875	Top1 test_acc: 32.59421157836914	Top5 test_acc: 59.9494514465332
Epoch 53	Top1 train_acc 32.55075454711914	Top1 test_acc: 31.604434967041016	Top5 test_acc: 59.39740753173828
Epoch 54	Top1 train_acc 32.6180419921875	Top1 test_acc: 32.620059967041016	Top5 test_acc: 59.92647171020508
Epoch 55	Top1 train_acc 32.58596420288086	Top1 test_acc: 32.74644088745117	Top5 test_acc: 59.6501579284668
Epoch 56	Top1 train_acc 32.69832992553711	Top1 test_acc: 31.01218032836914	Top5 test_acc: 59.2365608215332
Epoch 57	Top1 train_acc 32.72385787963867	Top1 test_acc: 31.31491470336914	Top5 test_acc: 59.0412483215332
Epoch 58	Top1 train_acc 32.80519104003906	Top1 test_acc: 31.652114868164062	Top5 test_acc: 60.21484375
Epoch 59	Top1 train_acc 32.703548431396484	Top1 test_acc: 31.88246726989746	Top5 test_acc: 60.3107795715332
Epoch 60	Top1 train_acc 33.028690338134766	Top1 test_acc: 32.50459671020508	Top5 test_acc: 60.429115295410156
Epoch 61	Top1 train_acc 32.821800231933594	Top1 test_acc: 31.815832138061523	Top5 test_acc: 59.86328125
Epoch 62	Top1 train_acc 33.16667938232422	Top1 test_acc: 32.327091217041016	Top5 test_acc: 59.472084045410156
Epoch 63	Top1 train_acc 32.9127197265625	Top1 test_acc: 32.6953125	Top5 test_acc: 60.016658782958984
Epoch 64	Top1 train_acc 33.11790084838867	Top1 test_acc: 31.8594913482666	Top5 test_acc: 59.36006546020508
Epoch 65	Top1 train_acc 33.01616287231445	Top1 test_acc: 32.103633880615234	Top5 test_acc: 59.75643539428711
Epoch 66	Top1 train_acc 32.87617874145508	Top1 test_acc: 31.98988914489746	Top5 test_acc: 59.269874572753906
Epoch 67	Top1 train_acc 32.953529357910156	Top1 test_acc: 31.600988388061523	Top5 test_acc: 60.13154983520508
Epoch 68	Top1 train_acc 32.97383499145508	Top1 test_acc: 32.620059967041016	Top5 test_acc: 60.275733947753906
Epoch 69	Top1 train_acc 32.99642562866211	Top1 test_acc: 31.50275993347168	Top5 test_acc: 59.38534164428711
Epoch 70	Top1 train_acc 33.309226989746094	Top1 test_acc: 31.63832664489746	Top5 test_acc: 60.404415130615234
Epoch 71	Top1 train_acc 32.87076950073242	Top1 test_acc: 32.19266891479492	Top5 test_acc: 59.540443420410156
Epoch 72	Top1 train_acc 33.4278564453125	Top1 test_acc: 32.75620651245117	Top5 test_acc: 60.02987289428711
Epoch 73	Top1 train_acc 33.02176284790039	Top1 test_acc: 32.352943420410156	Top5 test_acc: 60.149932861328125
Epoch 74	Top1 train_acc 33.29584503173828	Top1 test_acc: 32.34891891479492	Top5 test_acc: 60.07697677612305
Epoch 75	Top1 train_acc 33.175601959228516	Top1 test_acc: 31.983570098876953	Top5 test_acc: 59.8322639465332
Epoch 76	Top1 train_acc 33.26215362548828	Top1 test_acc: 32.39774703979492	Top5 test_acc: 59.83456039428711
Epoch 77	Top1 train_acc 33.171142578125	Top1 test_acc: 32.30698776245117	Top5 test_acc: 60.23035430908203
Epoch 78	Top1 train_acc 33.21982955932617	Top1 test_acc: 31.987592697143555	Top5 test_acc: 60.629024505615234
Epoch 79	Top1 train_acc 33.095787048339844	Top1 test_acc: 32.16337203979492	Top5 test_acc: 60.228633880615234
Epoch 80	Top1 train_acc 33.32801818847656	Top1 test_acc: 32.16911697387695	Top5 test_acc: 60.602596282958984
Epoch 81	Top1 train_acc 33.30154037475586	Top1 test_acc: 32.87683868408203	Top5 test_acc: 59.95576858520508
Epoch 82	Top1 train_acc 33.22865295410156	Top1 test_acc: 33.22897720336914	Top5 test_acc: 60.625
Epoch 83	Top1 train_acc 33.56575393676758	Top1 test_acc: 32.48104476928711	Top5 test_acc: 60.50896072387695
Epoch 84	Top1 train_acc 33.434783935546875	Top1 test_acc: 32.333412170410156	Top5 test_acc: 60.99380111694336
Epoch 85	Top1 train_acc 33.62705993652344	Top1 test_acc: 32.66199493408203	Top5 test_acc: 60.692787170410156
Epoch 86	Top1 train_acc 33.64632797241211	Top1 test_acc: 32.86592483520508	Top5 test_acc: 59.843177795410156
Epoch 87	Top1 train_acc 33.47065734863281	Top1 test_acc: 32.10420608520508	Top5 test_acc: 60.481964111328125
Epoch 88	Top1 train_acc 33.37366485595703	Top1 test_acc: 32.85041427612305	Top5 test_acc: 60.5353889465332
Epoch 89	Top1 train_acc 33.484989166259766	Top1 test_acc: 32.97507095336914	Top5 test_acc: 61.03803253173828
Epoch 90	Top1 train_acc 33.69956588745117	Top1 test_acc: 33.134193420410156	Top5 test_acc: 60.768611907958984
Epoch 91	Top1 train_acc 33.62355041503906	Top1 test_acc: 32.693016052246094	Top5 test_acc: 61.109832763671875
Epoch 92	Top1 train_acc 33.816680908203125	Top1 test_acc: 32.341453552246094	Top5 test_acc: 60.3889045715332
Epoch 93	Top1 train_acc 33.749107360839844	Top1 test_acc: 32.73552322387695	Top5 test_acc: 60.71863555908203
Epoch 94	Top1 train_acc 33.70269775390625	Top1 test_acc: 32.548828125	Top5 test_acc: 60.14706039428711
Epoch 95	Top1 train_acc 33.38534164428711	Top1 test_acc: 32.698184967041016	Top5 test_acc: 60.888671875
Epoch 96	Top1 train_acc 33.60266876220703	Top1 test_acc: 32.971622467041016	Top5 test_acc: 60.355010986328125
Epoch 97	Top1 train_acc 33.50254440307617	Top1 test_acc: 32.89636993408203	Top5 test_acc: 60.46645736694336
Epoch 98	Top1 train_acc 33.82199478149414	Top1 test_acc: 32.64303970336914	Top5 test_acc: 60.724952697753906
Epoch 99	Top1 train_acc 33.744266510009766	Top1 test_acc: 32.626953125	Top5 test_acc: 61.0466423034668
Epoch 100	Top1 train_acc 33.65211486816406	Top1 test_acc: 32.917049407958984	Top5 test_acc: 61.266658782958984
Epoch 101	Top1 train_acc 33.70051574707031	Top1 test_acc: 32.848690032958984	Top5 test_acc: 60.501495361328125
Epoch 102	Top1 train_acc 34.12872314453125	Top1 test_acc: 32.360408782958984	Top5 test_acc: 60.702552795410156
Epoch 103	Top1 train_acc 33.73316192626953	Top1 test_acc: 33.00436782836914	Top5 test_acc: 60.76229476928711
Epoch 104	Top1 train_acc 33.506248474121094	Top1 test_acc: 32.79928970336914	Top5 test_acc: 61.064453125
Epoch 105	Top1 train_acc 33.63968276977539	Top1 test_acc: 33.16750717163086	Top5 test_acc: 61.103515625
Epoch 106	Top1 train_acc 33.867454528808594	Top1 test_acc: 32.301815032958984	Top5 test_acc: 60.3337516784668
Epoch 107	Top1 train_acc 33.87257766723633	Top1 test_acc: 32.5	Top5 test_acc: 60.38143539428711
Epoch 108	Top1 train_acc 33.680965423583984	Top1 test_acc: 32.60627365112305	Top5 test_acc: 60.78584671020508
Epoch 109	Top1 train_acc 33.76865768432617	Top1 test_acc: 32.70565414428711	Top5 test_acc: 60.77608108520508
Epoch 110	Top1 train_acc 33.80414962768555	Top1 test_acc: 32.21794509887695	Top5 test_acc: 61.008155822753906
Epoch 111	Top1 train_acc 33.72196578979492	Top1 test_acc: 32.45634078979492	Top5 test_acc: 60.52849197387695
Epoch 112	Top1 train_acc 33.92686080932617	Top1 test_acc: 32.722312927246094	Top5 test_acc: 61.37466049194336
Epoch 113	Top1 train_acc 33.89744186401367	Top1 test_acc: 33.366844177246094	Top5 test_acc: 61.3005485534668
Epoch 114	Top1 train_acc 33.70345687866211	Top1 test_acc: 32.72116470336914	Top5 test_acc: 60.15739822387695
Epoch 115	Top1 train_acc 33.95552444458008	Top1 test_acc: 33.0859375	Top5 test_acc: 60.902462005615234
Epoch 116	Top1 train_acc 33.962547302246094	Top1 test_acc: 33.18876266479492	Top5 test_acc: 61.2287483215332
Epoch 117	Top1 train_acc 34.06304931640625	Top1 test_acc: 33.29561233520508	Top5 test_acc: 61.146026611328125
Epoch 118	Top1 train_acc 33.83622741699219	Top1 test_acc: 33.09053421020508	Top5 test_acc: 60.990352630615234
Epoch 119	Top1 train_acc 34.062862396240234	Top1 test_acc: 32.67808151245117	Top5 test_acc: 61.20232009887695
Epoch 120	Top1 train_acc 34.125118255615234	Top1 test_acc: 32.675209045410156	Top5 test_acc: 61.34536361694336
Epoch 121	Top1 train_acc 33.92430114746094	Top1 test_acc: 32.38166427612305	Top5 test_acc: 60.69450759887695
Epoch 122	Top1 train_acc 33.882354736328125	Top1 test_acc: 33.29216384887695	Top5 test_acc: 61.356849670410156
Epoch 123	Top1 train_acc 33.9144287109375	Top1 test_acc: 32.978515625	Top5 test_acc: 61.402801513671875
Epoch 124	Top1 train_acc 33.68381118774414	Top1 test_acc: 33.122703552246094	Top5 test_acc: 60.58651351928711
Epoch 125	Top1 train_acc 33.74379348754883	Top1 test_acc: 32.76482009887695	Top5 test_acc: 60.42049789428711
Epoch 126	Top1 train_acc 34.13251876831055	Top1 test_acc: 32.90498733520508	Top5 test_acc: 60.8674201965332
Epoch 127	Top1 train_acc 33.648887634277344	Top1 test_acc: 32.85213851928711	Top5 test_acc: 60.30847930908203
Epoch 128	Top1 train_acc 34.088199615478516	Top1 test_acc: 32.18347930908203	Top5 test_acc: 60.436004638671875
Epoch 129	Top1 train_acc 34.19468307495117	Top1 test_acc: 33.62362289428711	Top5 test_acc: 61.088008880615234
Epoch 130	Top1 train_acc 33.9783935546875	Top1 test_acc: 33.600643157958984	Top5 test_acc: 60.823760986328125
Epoch 131	Top1 train_acc 33.99642562866211	Top1 test_acc: 32.161075592041016	Top5 test_acc: 60.422218322753906
Epoch 132	Top1 train_acc 33.93037414550781	Top1 test_acc: 33.127872467041016	Top5 test_acc: 60.72380447387695
Epoch 133	Top1 train_acc 34.09522247314453	Top1 test_acc: 32.31502914428711	Top5 test_acc: 60.4704704284668
Epoch 134	Top1 train_acc 34.11638641357422	Top1 test_acc: 33.610984802246094	Top5 test_acc: 61.39419174194336
Epoch 135	Top1 train_acc 34.09123611450195	Top1 test_acc: 32.80101013183594	Top5 test_acc: 60.80939865112305
Epoch 136	Top1 train_acc 34.69406509399414	Top1 test_acc: 33.308250427246094	Top5 test_acc: 61.017921447753906
Epoch 137	Top1 train_acc 34.290061950683594	Top1 test_acc: 33.31284713745117	Top5 test_acc: 61.162109375
Epoch 138	Top1 train_acc 34.17560577392578	Top1 test_acc: 32.89579391479492	Top5 test_acc: 61.207489013671875
Epoch 139	Top1 train_acc 34.42321014404297	Top1 test_acc: 32.93772888183594	Top5 test_acc: 60.63247299194336
Epoch 140	Top1 train_acc 34.04890823364258	Top1 test_acc: 33.060665130615234	Top5 test_acc: 61.41084671020508
Epoch 141	Top1 train_acc 33.9503059387207	Top1 test_acc: 32.116844177246094	Top5 test_acc: 60.94841384887695
Epoch 142	Top1 train_acc 34.1148681640625	Top1 test_acc: 33.138790130615234	Top5 test_acc: 61.20576858520508
Epoch 143	Top1 train_acc 34.15340042114258	Top1 test_acc: 33.04802322387695	Top5 test_acc: 60.863399505615234
Epoch 144	Top1 train_acc 34.27715301513672	Top1 test_acc: 33.142234802246094	Top5 test_acc: 61.29423141479492
Epoch 145	Top1 train_acc 34.36427307128906	Top1 test_acc: 33.61787796020508	Top5 test_acc: 61.126495361328125
Epoch 146	Top1 train_acc 34.07937240600586	Top1 test_acc: 32.56893539428711	Top5 test_acc: 59.925899505615234
Epoch 147	Top1 train_acc 34.05327606201172	Top1 test_acc: 33.10029983520508	Top5 test_acc: 60.80652618408203
Epoch 148	Top1 train_acc 34.02537155151367	Top1 test_acc: 33.12672424316406	Top5 test_acc: 61.252296447753906
Epoch 149	Top1 train_acc 34.27060317993164	Top1 test_acc: 32.92624282836914	Top5 test_acc: 61.078243255615234
@@@@ SELFSUPER @@@@
Epoch 0	Top1 train_acc 8.973840713500977	Top1 test_acc: 16.62913703918457	Top5 test_acc: 41.43152618408203
Epoch 1	Top1 train_acc 20.737764358520508	Top1 test_acc: 23.541475296020508	Top5 test_acc: 50.824337005615234
Epoch 2	Top1 train_acc 25.06443977355957	Top1 test_acc: 25.77780532836914	Top5 test_acc: 53.30652618408203
Epoch 3	Top1 train_acc 27.003803253173828	Top1 test_acc: 27.543659210205078	Top5 test_acc: 54.781707763671875
Epoch 4	Top1 train_acc 28.253877639770508	Top1 test_acc: 28.828699111938477	Top5 test_acc: 56.653839111328125
Epoch 5	Top1 train_acc 29.32392120361328	Top1 test_acc: 29.1854305267334	Top5 test_acc: 56.711280822753906
Epoch 6	Top1 train_acc 30.137914657592773	Top1 test_acc: 29.8397274017334	Top5 test_acc: 58.099151611328125
Epoch 7	Top1 train_acc 30.585386276245117	Top1 test_acc: 30.537109375	Top5 test_acc: 58.81721115112305
Epoch 8	Top1 train_acc 31.21763801574707	Top1 test_acc: 30.78986930847168	Top5 test_acc: 58.81721115112305
Epoch 9	Top1 train_acc 31.965576171875	Top1 test_acc: 31.101791381835938	Top5 test_acc: 59.2658576965332
Epoch 10	Top1 train_acc 31.756690979003906	Top1 test_acc: 31.370059967041016	Top5 test_acc: 59.72713851928711
Epoch 11	Top1 train_acc 32.26262664794922	Top1 test_acc: 31.352827072143555	Top5 test_acc: 59.728858947753906
Epoch 12	Top1 train_acc 32.62278747558594	Top1 test_acc: 32.02033615112305	Top5 test_acc: 60.16716384887695
Epoch 13	Top1 train_acc 32.52351760864258	Top1 test_acc: 31.780216217041016	Top5 test_acc: 60.4314079284668
Epoch 14	Top1 train_acc 33.105751037597656	Top1 test_acc: 32.55457305908203	Top5 test_acc: 60.4279670715332
Epoch 15	Top1 train_acc 33.239280700683594	Top1 test_acc: 32.982540130615234	Top5 test_acc: 60.780677795410156
Epoch 16	Top1 train_acc 33.420833587646484	Top1 test_acc: 32.15360641479492	Top5 test_acc: 60.75769805908203
Epoch 17	Top1 train_acc 33.68220138549805	Top1 test_acc: 32.26620101928711	Top5 test_acc: 60.53768539428711
Epoch 18	Top1 train_acc 33.67156982421875	Top1 test_acc: 32.41038513183594	Top5 test_acc: 61.418312072753906
Epoch 19	Top1 train_acc 33.87504577636719	Top1 test_acc: 33.11638259887695	Top5 test_acc: 60.96967315673828
Epoch 20	Top1 train_acc 34.102149963378906	Top1 test_acc: 32.810203552246094	Top5 test_acc: 61.0724983215332
Epoch 21	Top1 train_acc 34.0091438293457	Top1 test_acc: 32.90096664428711	Top5 test_acc: 62.025508880615234
Epoch 22	Top1 train_acc 34.06418991088867	Top1 test_acc: 32.84064865112305	Top5 test_acc: 61.559627532958984
Epoch 23	Top1 train_acc 34.21005630493164	Top1 test_acc: 32.76194763183594	Top5 test_acc: 61.55044174194336
Epoch 24	Top1 train_acc 34.4969482421875	Top1 test_acc: 34.02171325683594	Top5 test_acc: 61.88993453979492
Epoch 25	Top1 train_acc 34.79172134399414	Top1 test_acc: 33.57536697387695	Top5 test_acc: 62.18061065673828
Epoch 26	Top1 train_acc 34.825035095214844	Top1 test_acc: 33.25712203979492	Top5 test_acc: 62.53217315673828
Epoch 27	Top1 train_acc 34.7054557800293	Top1 test_acc: 34.071693420410156	Top5 test_acc: 61.742305755615234
Epoch 28	Top1 train_acc 35.119140625	Top1 test_acc: 33.68796157836914	Top5 test_acc: 62.3713264465332
Epoch 29	Top1 train_acc 34.536808013916016	Top1 test_acc: 33.07847213745117	Top5 test_acc: 61.5900764465332
Epoch 30	Top1 train_acc 34.8990592956543	Top1 test_acc: 34.56916427612305	Top5 test_acc: 62.20990753173828
Epoch 31	Top1 train_acc 35.376617431640625	Top1 test_acc: 33.39097213745117	Top5 test_acc: 62.730926513671875
Epoch 32	Top1 train_acc 35.30287551879883	Top1 test_acc: 34.95232009887695	Top5 test_acc: 62.4396858215332
Epoch 33	Top1 train_acc 35.14704513549805	Top1 test_acc: 33.596622467041016	Top5 test_acc: 61.546993255615234
Epoch 34	Top1 train_acc 35.5119514465332	Top1 test_acc: 34.06709671020508	Top5 test_acc: 62.603973388671875
Epoch 35	Top1 train_acc 35.56803894042969	Top1 test_acc: 34.130287170410156	Top5 test_acc: 62.39372634887695
Epoch 36	Top1 train_acc 35.46706008911133	Top1 test_acc: 33.67359924316406	Top5 test_acc: 62.936004638671875
Epoch 37	Top1 train_acc 35.64719009399414	Top1 test_acc: 33.71897888183594	Top5 test_acc: 62.24380111694336
Epoch 38	Top1 train_acc 35.52542495727539	Top1 test_acc: 33.84823226928711	Top5 test_acc: 62.3810920715332
Epoch 39	Top1 train_acc 35.56576156616211	Top1 test_acc: 34.76792526245117	Top5 test_acc: 63.1916389465332
Epoch 40	Top1 train_acc 35.8386116027832	Top1 test_acc: 33.67417526245117	Top5 test_acc: 62.36845016479492
Epoch 41	Top1 train_acc 35.849334716796875	Top1 test_acc: 34.70933151245117	Top5 test_acc: 62.32938766479492
Epoch 42	Top1 train_acc 35.638267517089844	Top1 test_acc: 34.96151351928711	Top5 test_acc: 63.115234375
Epoch 43	Top1 train_acc 35.976505279541016	Top1 test_acc: 34.62086486816406	Top5 test_acc: 63.014129638671875
Epoch 44	Top1 train_acc 35.77492904663086	Top1 test_acc: 35.01608657836914	Top5 test_acc: 63.02274703979492
Epoch 45	Top1 train_acc 35.973941802978516	Top1 test_acc: 34.52780532836914	Top5 test_acc: 62.68037796020508
Epoch 46	Top1 train_acc 36.087257385253906	Top1 test_acc: 35.24586486816406	Top5 test_acc: 63.25080490112305
Epoch 47	Top1 train_acc 36.27801513671875	Top1 test_acc: 34.53239822387695	Top5 test_acc: 62.6740608215332
Epoch 48	Top1 train_acc 36.18453598022461	Top1 test_acc: 35.271141052246094	Top5 test_acc: 63.41394805908203
Epoch 49	Top1 train_acc 36.096466064453125	Top1 test_acc: 35.93290328979492	Top5 test_acc: 64.04296875
Epoch 50	Top1 train_acc 36.302974700927734	Top1 test_acc: 34.70933151245117	Top5 test_acc: 63.150848388671875
Epoch 51	Top1 train_acc 35.87410354614258	Top1 test_acc: 35.36592483520508	Top5 test_acc: 62.64246368408203
Epoch 52	Top1 train_acc 36.18083190917969	Top1 test_acc: 34.736328125	Top5 test_acc: 62.701629638671875
Epoch 53	Top1 train_acc 36.05575180053711	Top1 test_acc: 35.612937927246094	Top5 test_acc: 63.65119552612305
Epoch 54	Top1 train_acc 36.21186447143555	Top1 test_acc: 34.24862289428711	Top5 test_acc: 62.5959358215332
Epoch 55	Top1 train_acc 36.32584762573242	Top1 test_acc: 34.51171875	Top5 test_acc: 62.743568420410156
Epoch 56	Top1 train_acc 36.02035140991211	Top1 test_acc: 34.73517990112305	Top5 test_acc: 63.4553108215332
Epoch 57	Top1 train_acc 36.434322357177734	Top1 test_acc: 35.07984924316406	Top5 test_acc: 62.71599197387695
Epoch 58	Top1 train_acc 36.40233612060547	Top1 test_acc: 34.94313049316406	Top5 test_acc: 62.93543243408203
Epoch 59	Top1 train_acc 36.4219856262207	Top1 test_acc: 34.90694046020508	Top5 test_acc: 63.00092315673828
Epoch 60	Top1 train_acc 36.42074966430664	Top1 test_acc: 35.37281799316406	Top5 test_acc: 63.7614860534668
Epoch 61	Top1 train_acc 36.38212585449219	Top1 test_acc: 35.183250427246094	Top5 test_acc: 63.524818420410156
Epoch 62	Top1 train_acc 36.39142608642578	Top1 test_acc: 35.388328552246094	Top5 test_acc: 63.635108947753906
Epoch 63	Top1 train_acc 36.709259033203125	Top1 test_acc: 35.761146545410156	Top5 test_acc: 63.95795440673828
Epoch 64	Top1 train_acc 36.57752990722656	Top1 test_acc: 34.74953842163086	Top5 test_acc: 62.824562072753906
Epoch 65	Top1 train_acc 36.38705825805664	Top1 test_acc: 34.70186233520508	Top5 test_acc: 63.12270736694336
Epoch 66	Top1 train_acc 36.718082427978516	Top1 test_acc: 35.11546325683594	Top5 test_acc: 63.46564865112305
Epoch 67	Top1 train_acc 36.401676177978516	Top1 test_acc: 35.54572677612305	Top5 test_acc: 63.13936233520508
Epoch 68	Top1 train_acc 36.660003662109375	Top1 test_acc: 34.95978927612305	Top5 test_acc: 62.91015625
Epoch 69	Top1 train_acc 36.75063705444336	Top1 test_acc: 35.42049789428711	Top5 test_acc: 63.38637924194336
Epoch 70	Top1 train_acc 36.8087158203125	Top1 test_acc: 35.334903717041016	Top5 test_acc: 63.427162170410156
Epoch 71	Top1 train_acc 36.50578308105469	Top1 test_acc: 34.95347213745117	Top5 test_acc: 63.06411361694336
Epoch 72	Top1 train_acc 36.94319534301758	Top1 test_acc: 35.537109375	Top5 test_acc: 64.2066879272461
Epoch 73	Top1 train_acc 36.4859504699707	Top1 test_acc: 35.121212005615234	Top5 test_acc: 63.528839111328125
Epoch 74	Top1 train_acc 36.71855926513672	Top1 test_acc: 35.19416427612305	Top5 test_acc: 62.9900016784668
Epoch 75	Top1 train_acc 36.8167839050293	Top1 test_acc: 35.311927795410156	Top5 test_acc: 63.91084671020508
Epoch 76	Top1 train_acc 36.76449203491211	Top1 test_acc: 35.62385177612305	Top5 test_acc: 63.8068733215332
Epoch 77	Top1 train_acc 36.70479965209961	Top1 test_acc: 35.17578125	Top5 test_acc: 63.8493766784668
Epoch 78	Top1 train_acc 36.63618087768555	Top1 test_acc: 35.20737838745117	Top5 test_acc: 63.463348388671875
Epoch 79	Top1 train_acc 36.77094650268555	Top1 test_acc: 36.13396072387695	Top5 test_acc: 63.79193878173828
Epoch 80	Top1 train_acc 36.88957595825195	Top1 test_acc: 35.263671875	Top5 test_acc: 63.25252914428711
Epoch 81	Top1 train_acc 36.73042297363281	Top1 test_acc: 35.22690963745117	Top5 test_acc: 63.871212005615234
Epoch 82	Top1 train_acc 36.843929290771484	Top1 test_acc: 35.554344177246094	Top5 test_acc: 63.02791976928711
Epoch 83	Top1 train_acc 36.84107971191406	Top1 test_acc: 35.178653717041016	Top5 test_acc: 63.93325424194336
Epoch 84	Top1 train_acc 37.12968444824219	Top1 test_acc: 34.574337005615234	Top5 test_acc: 62.87626266479492
Epoch 85	Top1 train_acc 36.95970916748047	Top1 test_acc: 34.750118255615234	Top5 test_acc: 63.489776611328125
Epoch 86	Top1 train_acc 36.76079177856445	Top1 test_acc: 35.908203125	Top5 test_acc: 63.39614486694336
Epoch 87	Top1 train_acc 36.98704147338867	Top1 test_acc: 35.71346664428711	Top5 test_acc: 63.600067138671875
Epoch 88	Top1 train_acc 37.20570373535156	Top1 test_acc: 35.42451858520508	Top5 test_acc: 63.427734375
Epoch 89	Top1 train_acc 37.12342071533203	Top1 test_acc: 35.593406677246094	Top5 test_acc: 63.17670440673828
Epoch 90	Top1 train_acc 37.3067741394043	Top1 test_acc: 35.770912170410156	Top5 test_acc: 64.15096282958984
Epoch 91	Top1 train_acc 37.15824890136719	Top1 test_acc: 35.33088302612305	Top5 test_acc: 63.83559799194336
Epoch 92	Top1 train_acc 37.16176223754883	Top1 test_acc: 35.238399505615234	Top5 test_acc: 63.81319046020508
Epoch 93	Top1 train_acc 37.191558837890625	Top1 test_acc: 35.60202407836914	Top5 test_acc: 63.81893539428711
Epoch 94	Top1 train_acc 37.456626892089844	Top1 test_acc: 35.472774505615234	Top5 test_acc: 64.11592864990234
Epoch 95	Top1 train_acc 37.208168029785156	Top1 test_acc: 35.248165130615234	Top5 test_acc: 63.66958236694336
Epoch 96	Top1 train_acc 37.33552932739258	Top1 test_acc: 35.849037170410156	Top5 test_acc: 63.88786697387695
Epoch 97	Top1 train_acc 37.099124908447266	Top1 test_acc: 36.08628463745117	Top5 test_acc: 64.04756927490234
Epoch 98	Top1 train_acc 37.20560836791992	Top1 test_acc: 35.46875	Top5 test_acc: 63.60811233520508
Epoch 99	Top1 train_acc 37.21424102783203	Top1 test_acc: 35.604896545410156	Top5 test_acc: 64.33306121826172
Epoch 100	Top1 train_acc 37.43318557739258	Top1 test_acc: 35.39694595336914	Top5 test_acc: 63.2307014465332
Epoch 101	Top1 train_acc 37.280677795410156	Top1 test_acc: 36.205196380615234	Top5 test_acc: 63.88212203979492
Epoch 102	Top1 train_acc 37.10367965698242	Top1 test_acc: 35.31135177612305	Top5 test_acc: 63.98035430908203
Epoch 103	Top1 train_acc 37.45378112792969	Top1 test_acc: 35.729549407958984	Top5 test_acc: 64.28079223632812
Epoch 104	Top1 train_acc 37.098838806152344	Top1 test_acc: 36.03745651245117	Top5 test_acc: 63.297332763671875
Epoch 105	Top1 train_acc 37.18083953857422	Top1 test_acc: 35.93003463745117	Top5 test_acc: 64.08547973632812
Epoch 106	Top1 train_acc 37.42844009399414	Top1 test_acc: 35.966796875	Top5 test_acc: 64.13774871826172
Epoch 107	Top1 train_acc 37.377288818359375	Top1 test_acc: 35.55204391479492	Top5 test_acc: 64.25379180908203
Epoch 108	Top1 train_acc 37.25552749633789	Top1 test_acc: 34.89430236816406	Top5 test_acc: 63.512176513671875
Epoch 109	Top1 train_acc 37.20361328125	Top1 test_acc: 36.171875	Top5 test_acc: 64.02516174316406
Epoch 110	Top1 train_acc 37.12911605834961	Top1 test_acc: 36.70496368408203	Top5 test_acc: 63.90510177612305
Epoch 111	Top1 train_acc 37.488800048828125	Top1 test_acc: 36.04951858520508	Top5 test_acc: 64.17107391357422
Epoch 112	Top1 train_acc 37.36846160888672	Top1 test_acc: 36.01160430908203	Top5 test_acc: 63.744258880615234
Epoch 113	Top1 train_acc 37.44894027709961	Top1 test_acc: 35.81514358520508	Top5 test_acc: 63.915443420410156
Epoch 114	Top1 train_acc 37.54612350463867	Top1 test_acc: 36.53550338745117	Top5 test_acc: 64.28998565673828
Epoch 115	Top1 train_acc 37.511009216308594	Top1 test_acc: 35.63993453979492	Top5 test_acc: 63.85282516479492
Epoch 116	Top1 train_acc 37.137939453125	Top1 test_acc: 35.739891052246094	Top5 test_acc: 63.8884391784668
Epoch 117	Top1 train_acc 37.490318298339844	Top1 test_acc: 35.64280700683594	Top5 test_acc: 64.16532897949219
Epoch 118	Top1 train_acc 37.64842987060547	Top1 test_acc: 36.106388092041016	Top5 test_acc: 63.583412170410156
Epoch 119	Top1 train_acc 37.54393768310547	Top1 test_acc: 35.63706588745117	Top5 test_acc: 63.8068733215332
Epoch 120	Top1 train_acc 37.339515686035156	Top1 test_acc: 35.66980743408203	Top5 test_acc: 64.05330657958984
Epoch 121	Top1 train_acc 37.51708221435547	Top1 test_acc: 36.16440963745117	Top5 test_acc: 64.27275085449219
Epoch 122	Top1 train_acc 37.48756790161133	Top1 test_acc: 36.06272888183594	Top5 test_acc: 63.88671875
Epoch 123	Top1 train_acc 37.780250549316406	Top1 test_acc: 35.764591217041016	Top5 test_acc: 63.1916389465332
Epoch 124	Top1 train_acc 37.74618148803711	Top1 test_acc: 35.852481842041016	Top5 test_acc: 64.42095184326172
Epoch 125	Top1 train_acc 37.638179779052734	Top1 test_acc: 35.731849670410156	Top5 test_acc: 63.7873420715332
Epoch 126	Top1 train_acc 37.6002197265625	Top1 test_acc: 35.86799240112305	Top5 test_acc: 64.05733489990234
Epoch 127	Top1 train_acc 37.507686614990234	Top1 test_acc: 35.96047592163086	Top5 test_acc: 63.905677795410156
Epoch 128	Top1 train_acc 37.5242919921875	Top1 test_acc: 35.716915130615234	Top5 test_acc: 63.6017951965332
Epoch 129	Top1 train_acc 37.181121826171875	Top1 test_acc: 36.268959045410156	Top5 test_acc: 64.78401184082031
Epoch 130	Top1 train_acc 37.54280090332031	Top1 test_acc: 35.86109924316406	Top5 test_acc: 63.889015197753906
Epoch 131	Top1 train_acc 37.48196792602539	Top1 test_acc: 35.720359802246094	Top5 test_acc: 64.26700592041016
Epoch 132	Top1 train_acc 37.24812316894531	Top1 test_acc: 36.11672592163086	Top5 test_acc: 63.776424407958984
Epoch 133	Top1 train_acc 37.48462677001953	Top1 test_acc: 35.975990295410156	Top5 test_acc: 63.46220016479492
Epoch 134	Top1 train_acc 37.67053985595703	Top1 test_acc: 36.03113555908203	Top5 test_acc: 63.898780822753906
Epoch 135	Top1 train_acc 37.67841720581055	Top1 test_acc: 36.34823226928711	Top5 test_acc: 63.7810173034668
Epoch 136	Top1 train_acc 37.93997573852539	Top1 test_acc: 35.87028884887695	Top5 test_acc: 63.922908782958984
Epoch 137	Top1 train_acc 37.81147384643555	Top1 test_acc: 35.87028884887695	Top5 test_acc: 64.27217864990234
Epoch 138	Top1 train_acc 37.702144622802734	Top1 test_acc: 36.85087203979492	Top5 test_acc: 64.2405776977539
Epoch 139	Top1 train_acc 37.69426727294922	Top1 test_acc: 36.28274154663086	Top5 test_acc: 64.49850463867188
Epoch 140	Top1 train_acc 37.666839599609375	Top1 test_acc: 36.14315414428711	Top5 test_acc: 64.43704223632812
Epoch 141	Top1 train_acc 37.484527587890625	Top1 test_acc: 36.34938049316406	Top5 test_acc: 64.27906799316406
Epoch 142	Top1 train_acc 38.00716781616211	Top1 test_acc: 35.98862838745117	Top5 test_acc: 63.92578125
Epoch 143	Top1 train_acc 37.663516998291016	Top1 test_acc: 36.379825592041016	Top5 test_acc: 64.68692779541016
Epoch 144	Top1 train_acc 37.97015380859375	Top1 test_acc: 36.08858108520508	Top5 test_acc: 63.82410430908203
Epoch 145	Top1 train_acc 37.45321273803711	Top1 test_acc: 36.361446380615234	Top5 test_acc: 64.13258361816406
Epoch 146	Top1 train_acc 37.92573928833008	Top1 test_acc: 36.068477630615234	Top5 test_acc: 64.31066131591797
Epoch 147	Top1 train_acc 37.684017181396484	Top1 test_acc: 36.03400802612305	Top5 test_acc: 64.58696746826172
Epoch 148	Top1 train_acc 37.913780212402344	Top1 test_acc: 35.99264907836914	Top5 test_acc: 64.35604095458984
Epoch 149	Top1 train_acc 37.43271255493164	Top1 test_acc: 35.76746368408203	Top5 test_acc: 63.5529670715332
@@@@ SUPER @@@@
Top1 test_acc: 50.804805755615234	Top5 test_acc: 76.95369720458984
